<?xml version="1.0" encoding="UTF-8"?>
<testsuite xmlns:xsi="http://www.w3.org/2001/XMLSchema-instance" xsi:noNamespaceSchemaLocation="https://maven.apache.org/surefire/maven-surefire-plugin/xsd/surefire-test-report.xsd" name="com.mycode.user.AppTest" time="0.033" tests="1" errors="0" skipped="0" failures="0">
  <properties>
    <property name="sun.desktop" value="windows"/>
    <property name="awt.toolkit" value="sun.awt.windows.WToolkit"/>
    <property name="file.encoding.pkg" value="sun.io"/>
    <property name="java.specification.version" value="1.8"/>
    <property name="sun.cpu.isalist" value="amd64"/>
    <property name="sun.jnu.encoding" value="GBK"/>
    <property name="java.class.path" value="D:\devolpment\java\workspace\idea\mycode\user-service\user-api\target\test-classes;D:\devolpment\java\workspace\idea\mycode\user-service\user-api\target\classes;D:\devolpment\java\maven\repository\local\junit\junit\4.11\junit-4.11.jar;D:\devolpment\java\maven\repository\local\org\hamcrest\hamcrest-core\1.3\hamcrest-core-1.3.jar;"/>
    <property name="java.vm.vendor" value="Oracle Corporation"/>
    <property name="sun.arch.data.model" value="64"/>
    <property name="user.variant" value=""/>
    <property name="java.vendor.url" value="http://java.oracle.com/"/>
    <property name="user.timezone" value=""/>
    <property name="java.vm.specification.version" value="1.8"/>
    <property name="os.name" value="Windows 10"/>
    <property name="user.country" value="CN"/>
    <property name="sun.java.launcher" value="SUN_STANDARD"/>
    <property name="sun.boot.library.path" value="D:\devolpment\install\jdk\jdk8_172\jre\bin"/>
    <property name="sun.java.command" value="C:\Users\Soul\AppData\Local\Temp\surefire4102915126416039196\surefirebooter1442381597868357228.jar C:\Users\Soul\AppData\Local\Temp\surefire4102915126416039196 2018-07-06T13-20-40_642-jvmRun1 surefire1695547187649833158tmp surefire_08966575228936595913tmp"/>
    <property name="surefire.test.class.path" value="D:\devolpment\java\workspace\idea\mycode\user-service\user-api\target\test-classes;D:\devolpment\java\workspace\idea\mycode\user-service\user-api\target\classes;D:\devolpment\java\maven\repository\local\junit\junit\4.11\junit-4.11.jar;D:\devolpment\java\maven\repository\local\org\hamcrest\hamcrest-core\1.3\hamcrest-core-1.3.jar;"/>
    <property name="sun.cpu.endian" value="little"/>
    <property name="user.home" value="C:\Users\Soul"/>
    <property name="user.language" value="zh"/>
    <property name="java.specification.vendor" value="Oracle Corporation"/>
    <property name="java.home" value="D:\devolpment\install\jdk\jdk8_172\jre"/>
    <property name="basedir" value="D:\devolpment\java\workspace\idea\mycode\user-service\user-api"/>
    <property name="file.separator" value="\"/>
    <property name="line.separator" value="&#10;"/>
    <property name="java.vm.specification.vendor" value="Oracle Corporation"/>
    <property name="java.specification.name" value="Java Platform API Specification"/>
    <property name="java.awt.graphicsenv" value="sun.awt.Win32GraphicsEnvironment"/>
    <property name="surefire.real.class.path" value="C:\Users\Soul\AppData\Local\Temp\surefire4102915126416039196\surefirebooter1442381597868357228.jar"/>
    <property name="sun.boot.class.path" value="D:\devolpment\install\jdk\jdk8_172\jre\lib\resources.jar;D:\devolpment\install\jdk\jdk8_172\jre\lib\rt.jar;D:\devolpment\install\jdk\jdk8_172\jre\lib\sunrsasign.jar;D:\devolpment\install\jdk\jdk8_172\jre\lib\jsse.jar;D:\devolpment\install\jdk\jdk8_172\jre\lib\jce.jar;D:\devolpment\install\jdk\jdk8_172\jre\lib\charsets.jar;D:\devolpment\install\jdk\jdk8_172\jre\lib\jfr.jar;D:\devolpment\install\jdk\jdk8_172\jre\classes"/>
    <property name="user.script" value=""/>
    <property name="sun.management.compiler" value="HotSpot 64-Bit Tiered Compilers"/>
    <property name="java.runtime.version" value="1.8.0_172-b11"/>
    <property name="user.name" value="Soul"/>
    <property name="path.separator" value=";"/>
    <property name="os.version" value="10.0"/>
    <property name="java.endorsed.dirs" value="D:\devolpment\install\jdk\jdk8_172\jre\lib\endorsed"/>
    <property name="java.runtime.name" value="Java(TM) SE Runtime Environment"/>
    <property name="file.encoding" value="GBK"/>
    <property name="java.vm.name" value="Java HotSpot(TM) 64-Bit Server VM"/>
    <property name="localRepository" value="D:\devolpment\java\maven\repository\local"/>
    <property name="java.vendor.url.bug" value="http://bugreport.sun.com/bugreport/"/>
    <property name="java.io.tmpdir" value="C:\Users\Soul\AppData\Local\Temp\"/>
    <property name="idea.version" value="2017.3.4"/>
    <property name="java.version" value="1.8.0_172"/>
    <property name="user.dir" value="D:\devolpment\java\workspace\idea\mycode\user-service\user-api"/>
    <property name="os.arch" value="amd64"/>
    <property name="java.vm.specification.name" value="Java Virtual Machine Specification"/>
    <property name="java.awt.printerjob" value="sun.awt.windows.WPrinterJob"/>
    <property name="sun.os.patch.level" value=""/>
    <property name="java.library.path" value="D:\devolpment\install\jdk\jdk8_172\jre\bin;C:\WINDOWS\Sun\Java\bin;C:\WINDOWS\system32;C:\WINDOWS;C:\Program Files (x86)\Intel\iCLS Client\;C:\Program Files\Intel\iCLS Client\;C:\Windows\system32;C:\Windows;C:\Windows\System32\Wbem;C:\Windows\System32\WindowsPowerShell\v1.0\;C:\Program Files (x86)\Intel\Intel(R) Management Engine Components\DAL;C:\Program Files\Intel\Intel(R) Management Engine Components\DAL;C:\Program Files (x86)\Intel\Intel(R) Management Engine Components\IPT;C:\Program Files\Intel\Intel(R) Management Engine Components\IPT;C:\Program Files (x86)\NVIDIA Corporation\PhysX\Common;C:\Program Files\Intel\WiFi\bin\;C:\Program Files\Common Files\Intel\WirelessCommon\;D:\devolpment\install\jdk\jdk8_172/bin;D:\devolpment\install\jdk\jdk8_172/jre/bin;D:\devolpment\install\maven\apache-maven-3.5.0\bin;D:\devolpment\install\webserivce\cxf\apache-cxf-3.1.11\bin;D:\devolpment\install\bin;C:\Program Files\MySQL\MySQL Server 5.5\bin;D:\devolpment\install\nodejs\;C:\Sybase\shared;C:\Android;D:\devolpment\redis\Redis-3.2.100;D:\devolpment\install\gradle\gradle-4.6\bin;C:\SoftWare\dev\data\db\mongodb\bin;C:\Program Files\Git\cmd;D:\devolpment\package\nexus-3.11.0-01\bin;C:\WINDOWS\system32;C:\WINDOWS;C:\WINDOWS\System32\Wbem;C:\WINDOWS\System32\WindowsPowerShell\v1.0\;C:\WINDOWS\System32\OpenSSH\;D:\软件\document\qq\1149793901\FileRecv\VC6Pro\Microsoft SDK\bin\winnt;D:\软件\document\qq\1149793901\FileRecv\VC6Pro\Microsoft SDK\bin;D:\软件\document\qq\1149793901\FileRecv\VC6Pro\Common\Tools\WinNT;D:\软件\document\qq\1149793901\FileRecv\VC6Pro\Common\MSDev98\Bin;D:\软件\document\qq\1149793901\FileRecv\VC6Pro\Common\Tools;D:\软件\document\qq\1149793901\FileRecv\VC6Pro\VC98\bin;D:\devolpment\install\nodejs\node_global;%USERPROFILE%\AppData\Local\Microsoft\WindowsApps;;."/>
    <property name="java.vm.info" value="mixed mode"/>
    <property name="java.vendor" value="Oracle Corporation"/>
    <property name="java.vm.version" value="25.172-b11"/>
    <property name="java.ext.dirs" value="D:\devolpment\install\jdk\jdk8_172\jre\lib\ext;C:\WINDOWS\Sun\Java\lib\ext"/>
    <property name="sun.io.unicode.encoding" value="UnicodeLittle"/>
    <property name="java.class.version" value="52.0"/>
  </properties>
  <testcase name="shouldAnswerWithTrue" classname="com.mycode.user.AppTest" time="0.002"/>
</testsuite>